<?xml version="1.0" encoding="UTF-8"?>
<testsuite name="com.example.project.TestQueueStack" tests="11" skipped="0" failures="0" errors="0" timestamp="2024-10-26T16:07:40" hostname="MOHANAD" time="0.03">
  <properties/>
  <testcase name="testRemove1()" classname="com.example.project.TestQueueStack" time="0.013"/>
  <testcase name="testRemove2()" classname="com.example.project.TestQueueStack" time="0.001"/>
  <testcase name="testRemove3()" classname="com.example.project.TestQueueStack" time="0.001"/>
  <testcase name="testRemove4()" classname="com.example.project.TestQueueStack" time="0.001"/>
  <testcase name="testSearch1()" classname="com.example.project.TestQueueStack" time="0.002"/>
  <testcase name="testSearch2()" classname="com.example.project.TestQueueStack" time="0.002"/>
  <testcase name="testSearch3()" classname="com.example.project.TestQueueStack" time="0.0"/>
  <testcase name="testSplit1()" classname="com.example.project.TestQueueStack" time="0.001"/>
  <testcase name="testSplit2()" classname="com.example.project.TestQueueStack" time="0.002"/>
  <testcase name="testSplit3()" classname="com.example.project.TestQueueStack" time="0.0"/>
  <testcase name="testSplit4()" classname="com.example.project.TestQueueStack" time="0.001"/>
  <system-out><![CDATA[]]></system-out>
  <system-err><![CDATA[]]></system-err>
</testsuite>
